TN:
SF:source/index.js
FNF:0
FNH:0
DA:1,1
DA:2,1
DA:3,1
DA:4,1
DA:5,1
DA:6,1
DA:7,1
LF:7
LH:7
BRDA:7,0,0,11
BRF:1
BRH:1
end_of_record
TN:
SF:source/library/log-destination.js
FN:7,LogDestination
FN:11,_createPinoDestination
FN:15,get pinoDestination
FN:19,rotate
FNF:4
FNH:4
FNDA:67,LogDestination
FNDA:65,_createPinoDestination
FNDA:29,get pinoDestination
FNDA:1,rotate
DA:1,1
DA:2,1
DA:3,1
DA:4,1
DA:5,1
DA:6,1
DA:7,1
DA:8,67
DA:9,67
DA:10,1
DA:11,1
DA:12,65
DA:13,65
DA:14,1
DA:15,1
DA:16,29
DA:17,29
DA:18,1
DA:19,1
DA:20,1
DA:21,1
DA:22,1
DA:23,1
DA:24,1
DA:25,1
LF:25
LH:25
BRDA:25,0,0,11
BRDA:7,1,0,67
BRDA:11,2,0,65
BRDA:15,3,0,29
BRDA:19,4,0,1
BRF:5
BRH:5
end_of_record
TN:
SF:source/library/log-handler.js
FN:13,LogHandler
FN:17,construct
FN:36,get
FN:61,apply
FN:111,_applyIn
FN:116,_applyException
FN:122,_getFormattedIn
FN:138,_applyOut
FN:143,_getFormattedOut
FN:158,_getDuration
FN:162,_formatParameter
FN:198,_formatReturnValue
FN:202,_formatPrimitive
FN:206,_formatDateTime
FNF:14
FNH:14
FNDA:8,LogHandler
FNDA:1,construct
FNDA:23,get
FNDA:4,apply
FNDA:4,_applyIn
FNDA:1,_applyException
FNDA:7,_getFormattedIn
FNDA:3,_applyOut
FNDA:3,_getFormattedOut
FNDA:5,_getDuration
FNDA:7,_formatParameter
FNDA:2,_formatReturnValue
FNDA:1,_formatPrimitive
FNDA:2,_formatDateTime
DA:1,1
DA:2,1
DA:3,1
DA:4,1
DA:5,1
DA:6,1
DA:7,1
DA:8,1
DA:9,1
DA:10,1
DA:11,1
DA:12,1
DA:13,1
DA:14,8
DA:15,8
DA:16,1
DA:17,1
DA:18,1
DA:19,1
DA:20,1
DA:21,1
DA:22,1
DA:23,1
DA:24,1
DA:25,1
DA:26,1
DA:27,1
DA:28,1
DA:29,1
DA:30,1
DA:31,1
DA:32,1
DA:33,1
DA:34,1
DA:35,1
DA:36,1
DA:37,23
DA:38,23
DA:39,23
DA:40,23
DA:41,23
DA:42,23
DA:43,23
DA:44,23
DA:45,23
DA:46,23
DA:47,23
DA:48,23
DA:49,23
DA:50,23
DA:51,23
DA:52,17
DA:53,17
DA:54,17
DA:55,17
DA:56,17
DA:57,17
DA:58,23
DA:59,23
DA:60,1
DA:61,1
DA:62,4
DA:63,4
DA:64,4
DA:65,4
DA:66,4
DA:67,4
DA:68,4
DA:69,4
DA:70,4
DA:71,4
DA:72,4
DA:73,4
DA:74,1
DA:75,1
DA:76,1
DA:77,3
DA:78,4
DA:79,2
DA:80,2
DA:81,1
DA:82,1
DA:83,1
DA:84,1
DA:85,1
DA:86,1
DA:87,1
DA:88,1
DA:89,0
DA:90,1
DA:91,1
DA:92,1
DA:93,1
DA:94,1
DA:95,2
DA:96,2
DA:97,2
DA:98,2
DA:99,3
DA:100,3
DA:101,3
DA:102,3
DA:103,4
DA:104,3
DA:105,3
DA:106,3
DA:107,3
DA:108,4
DA:109,4
DA:110,1
DA:111,1
DA:112,4
DA:113,4
DA:114,4
DA:115,1
DA:116,1
DA:117,1
DA:118,1
DA:119,1
DA:120,1
DA:121,1
DA:122,1
DA:123,7
DA:124,7
DA:125,7
DA:126,7
DA:127,7
DA:128,7
DA:129,7
DA:130,7
DA:131,7
DA:132,7
DA:133,7
DA:134,7
DA:135,7
DA:136,7
DA:137,1
DA:138,1
DA:139,3
DA:140,3
DA:141,3
DA:142,1
DA:143,1
DA:144,3
DA:145,3
DA:146,3
DA:147,3
DA:148,3
DA:149,3
DA:150,3
DA:151,3
DA:152,3
DA:153,3
DA:154,3
DA:155,3
DA:156,3
DA:157,1
DA:158,1
DA:159,5
DA:160,5
DA:161,1
DA:162,1
DA:163,7
DA:164,7
DA:165,7
DA:166,7
DA:167,7
DA:168,7
DA:169,7
DA:170,11
DA:171,11
DA:172,11
DA:173,11
DA:174,11
DA:175,11
DA:176,11
DA:177,11
DA:178,11
DA:179,11
DA:180,11
DA:181,11
DA:182,11
DA:183,1
DA:184,1
DA:185,1
DA:186,1
DA:187,11
DA:188,11
DA:189,11
DA:190,11
DA:191,11
DA:192,7
DA:193,7
DA:194,7
DA:195,7
DA:196,7
DA:197,1
DA:198,1
DA:199,2
DA:200,2
DA:201,1
DA:202,1
DA:203,1
DA:204,1
DA:205,1
DA:206,1
DA:207,2
DA:208,2
DA:209,1
DA:210,1
DA:211,1
DA:212,1
LF:212
LH:211
BRDA:212,0,0,11
BRDA:13,1,0,8
BRDA:17,2,0,1
BRDA:21,3,0,0
BRDA:36,4,0,23
BRDA:51,5,0,16
BRDA:52,6,0,6
BRDA:51,7,0,17
BRDA:61,8,0,4
BRDA:73,9,0,1
BRDA:76,10,0,3
BRDA:78,11,0,1
BRDA:78,12,0,2
BRDA:98,13,0,3
BRDA:103,14,0,0
BRDA:103,15,0,3
BRDA:80,16,0,1
BRDA:88,17,0,0
BRDA:111,18,0,4
BRDA:113,19,0,0
BRDA:116,20,0,1
BRDA:122,21,0,7
BRDA:124,22,0,0
BRDA:131,23,0,2
BRDA:131,24,0,5
BRDA:138,25,0,3
BRDA:140,26,0,0
BRDA:140,27,0,2
BRDA:140,28,0,1
BRDA:140,29,0,2
BRDA:143,30,0,3
BRDA:151,31,0,1
BRDA:151,32,0,2
BRDA:158,33,0,5
BRDA:162,34,0,7
BRDA:169,35,0,11
BRDA:172,36,0,2
BRDA:174,37,0,3
BRDA:176,38,0,1
BRDA:178,39,0,2
BRDA:180,40,0,2
BRDA:182,41,0,1
BRDA:198,42,0,2
BRDA:202,43,0,1
BRDA:206,44,0,2
BRF:45
BRH:39
end_of_record
TN:
SF:source/library/log-parameter.js
FN:8,getConstructorParameter
FNF:1
FNH:1
FNDA:37,getConstructorParameter
DA:1,1
DA:2,1
DA:3,1
DA:4,1
DA:5,1
DA:6,1
DA:7,1
DA:8,1
DA:9,37
DA:10,37
DA:11,37
DA:12,37
DA:13,37
DA:14,37
DA:15,37
DA:16,1
DA:17,1
DA:18,1
DA:19,37
DA:20,4
DA:21,4
DA:22,4
DA:23,4
DA:24,2
DA:25,2
DA:26,2
DA:27,4
DA:28,1
DA:29,1
DA:30,1
DA:31,4
DA:32,1
DA:33,4
DA:34,4
DA:35,4
DA:36,4
DA:37,37
DA:38,32
DA:39,37
DA:40,37
DA:41,37
DA:42,5
DA:43,5
DA:44,5
DA:45,37
DA:46,27
DA:47,27
DA:48,27
DA:49,37
DA:50,0
DA:51,37
DA:52,37
DA:53,37
DA:54,37
DA:55,37
DA:56,37
DA:57,37
DA:58,37
DA:59,1
DA:60,1
DA:61,1
DA:62,1
LF:62
LH:61
BRDA:62,0,0,11
BRDA:8,1,0,37
BRDA:15,2,0,1
BRDA:19,3,0,4
BRDA:22,4,0,1
BRDA:23,5,0,2
BRDA:27,6,0,1
BRDA:31,7,0,1
BRDA:37,8,0,32
BRDA:40,9,0,4
BRDA:41,10,0,5
BRDA:45,11,0,27
BRDA:49,12,0,0
BRF:13
BRH:12
end_of_record
TN:
SF:source/library/log.js
FN:16,Log
FN:33,_createPinoLog
FN:37,createDestination
FN:42,get destination
FN:46,get defaultOption
FN:54,get option
FN:58,getLevelName
FN:62,trace
FN:66,debug
FN:70,info
FN:74,warn
FN:78,error
FN:82,fatal
FN:86,attach
FN:143,Process.on.<computed>
FN:164,detach
FN:207,rotate
FN:211,createProxy
FN:215,onImmediate
FNF:19
FNH:19
FNDA:29,Log
FNDA:29,_createPinoLog
FNDA:63,createDestination
FNDA:1,get destination
FNDA:31,get defaultOption
FNDA:1,get option
FNDA:9,getLevelName
FNDA:34,trace
FNDA:1,debug
FNDA:1,info
FNDA:1,warn
FNDA:3,error
FNDA:1,fatal
FNDA:7,attach
FNDA:1,Process.on.<computed>
FNDA:7,detach
FNDA:1,rotate
FNDA:8,createProxy
FNDA:18,onImmediate
DA:1,1
DA:2,1
DA:3,1
DA:4,1
DA:5,1
DA:6,1
DA:7,1
DA:8,1
DA:9,1
DA:10,1
DA:11,1
DA:12,1
DA:13,1
DA:14,1
DA:15,1
DA:16,1
DA:17,29
DA:18,29
DA:19,29
DA:20,29
DA:21,29
DA:22,29
DA:23,29
DA:24,29
DA:25,29
DA:26,29
DA:27,29
DA:28,29
DA:29,29
DA:30,29
DA:31,29
DA:32,1
DA:33,1
DA:34,29
DA:35,29
DA:36,1
DA:37,1
DA:38,63
DA:39,63
DA:40,1
DA:41,1
DA:42,1
DA:43,1
DA:44,1
DA:45,1
DA:46,1
DA:47,31
DA:48,31
DA:49,31
DA:50,31
DA:51,31
DA:52,1
DA:53,1
DA:54,1
DA:55,1
DA:56,1
DA:57,1
DA:58,1
DA:59,9
DA:60,9
DA:61,1
DA:62,1
DA:63,34
DA:64,34
DA:65,1
DA:66,1
DA:67,1
DA:68,1
DA:69,1
DA:70,1
DA:71,1
DA:72,1
DA:73,1
DA:74,1
DA:75,1
DA:76,1
DA:77,1
DA:78,1
DA:79,3
DA:80,3
DA:81,1
DA:82,1
DA:83,1
DA:84,1
DA:85,1
DA:86,1
DA:87,7
DA:88,7
DA:89,7
DA:90,7
DA:91,7
DA:92,7
DA:93,7
DA:94,6
DA:95,6
DA:96,6
DA:97,6
DA:98,6
DA:99,6
DA:100,2
DA:101,2
DA:102,2
DA:103,2
DA:104,1
DA:105,1
DA:106,1
DA:107,1
DA:108,2
DA:109,2
DA:110,6
DA:111,6
DA:112,6
DA:113,6
DA:114,6
DA:115,6
DA:116,12
DA:117,1
DA:118,1
DA:119,1
DA:120,1
DA:121,1
DA:122,1
DA:123,1
DA:124,1
DA:125,1
DA:126,1
DA:127,1
DA:128,1
DA:129,1
DA:130,1
DA:131,1
DA:132,1
DA:133,1
DA:134,1
DA:135,1
DA:136,12
DA:137,6
DA:138,6
DA:139,6
DA:140,6
DA:141,6
DA:142,6
DA:143,6
DA:144,1
DA:145,1
DA:146,1
DA:147,1
DA:148,1
DA:149,1
DA:150,1
DA:151,1
DA:152,1
DA:153,1
DA:154,6
DA:155,6
DA:156,6
DA:157,6
DA:158,6
DA:159,6
DA:160,6
DA:161,7
DA:162,7
DA:163,1
DA:164,1
DA:165,7
DA:166,7
DA:167,7
DA:168,1
DA:169,1
DA:170,1
DA:171,1
DA:172,1
DA:173,1
DA:174,1
DA:175,1
DA:176,1
DA:177,1
DA:178,1
DA:179,1
DA:180,12
DA:181,12
DA:182,12
DA:183,12
DA:184,12
DA:185,1
DA:186,1
DA:187,1
DA:188,1
DA:189,1
DA:190,1
DA:191,6
DA:192,6
DA:193,6
DA:194,6
DA:195,6
DA:196,1
DA:197,1
DA:198,1
DA:199,1
DA:200,1
DA:201,1
DA:202,1
DA:203,1
DA:204,7
DA:205,7
DA:206,1
DA:207,1
DA:208,1
DA:209,1
DA:210,1
DA:211,1
DA:212,8
DA:213,8
DA:214,1
DA:215,1
DA:216,18
DA:217,18
DA:218,3
DA:219,3
DA:220,3
DA:221,3
DA:222,3
DA:223,3
DA:224,3
DA:225,3
DA:226,3
DA:227,3
DA:228,18
DA:229,18
DA:230,1
DA:231,1
DA:232,1
DA:233,1
LF:233
LH:233
BRDA:233,0,0,11
BRDA:16,1,0,29
BRDA:23,2,0,0
BRDA:33,3,0,29
BRDA:37,4,0,63
BRDA:46,5,0,31
BRDA:58,6,0,9
BRDA:62,7,0,34
BRDA:66,8,0,1
BRDA:70,9,0,1
BRDA:74,10,0,1
BRDA:78,11,0,3
BRDA:82,12,0,1
BRDA:86,13,0,7
BRDA:93,14,0,1
BRDA:93,15,0,6
BRDA:99,16,0,2
BRDA:105,17,0,1
BRDA:115,18,0,12
BRDA:116,19,0,1
BRDA:122,20,0,1
BRDA:129,21,0,1
BRDA:142,22,0,6
BRDA:143,23,0,1
BRDA:149,24,0,1
BRDA:164,25,0,7
BRDA:167,26,0,6
BRDA:167,27,0,1
BRDA:179,28,0,12
BRDA:190,29,0,6
BRDA:207,30,0,1
BRDA:211,31,0,8
BRDA:215,32,0,18
BRDA:217,33,0,3
BRDA:223,34,0,0
BRF:35
BRH:33
end_of_record
TN:
SF:source/library/error/log-attached-error.js
FN:5,LogAttachedError
FNF:1
FNH:1
FNDA:1,LogAttachedError
DA:1,1
DA:2,1
DA:3,1
DA:4,1
DA:5,1
DA:6,1
DA:7,1
DA:8,1
DA:9,1
DA:10,1
DA:11,1
LF:11
LH:11
BRDA:11,0,0,11
BRDA:5,1,0,1
BRF:2
BRH:2
end_of_record
TN:
SF:source/library/error/log-detached-error.js
FN:5,LogDetachedError
FNF:1
FNH:1
FNDA:1,LogDetachedError
DA:1,1
DA:2,1
DA:3,1
DA:4,1
DA:5,1
DA:6,1
DA:7,1
DA:8,1
DA:9,1
DA:10,1
DA:11,1
LF:11
LH:11
BRDA:11,0,0,11
BRDA:5,1,0,1
BRF:2
BRH:2
end_of_record
TN:
SF:source/library/error/log-error.js
FN:3,LogError
FNF:1
FNH:1
FNDA:2,LogError
DA:1,1
DA:2,1
DA:3,1
DA:4,2
DA:5,2
DA:6,1
DA:7,1
DA:8,1
DA:9,1
LF:9
LH:9
BRDA:9,0,0,11
BRDA:3,1,0,2
BRF:2
BRH:2
end_of_record
TN:
SF:source/library/log/fast-destination.js
FN:7,FastDestination
FN:11,_createPinoDestination
FNF:2
FNH:2
FNDA:2,FastDestination
FNDA:2,_createPinoDestination
DA:1,1
DA:2,1
DA:3,1
DA:4,1
DA:5,1
DA:6,1
DA:7,1
DA:8,2
DA:9,2
DA:10,1
DA:11,1
DA:12,2
DA:13,2
DA:14,1
DA:15,1
DA:16,1
DA:17,1
LF:17
LH:17
BRDA:17,0,0,11
BRDA:7,1,0,2
BRDA:11,2,0,2
BRF:3
BRH:3
end_of_record
TN:
SF:source/library/log/fast-log.js
FN:6,FastLog
FN:10,createDestination
FNF:2
FNH:2
FNDA:1,FastLog
FNDA:2,createDestination
DA:1,1
DA:2,1
DA:3,1
DA:4,1
DA:5,1
DA:6,1
DA:7,1
DA:8,1
DA:9,1
DA:10,1
DA:11,2
DA:12,2
DA:13,1
DA:14,1
DA:15,1
DA:16,1
LF:16
LH:16
BRDA:16,0,0,11
BRDA:6,1,0,1
BRDA:10,2,0,2
BRF:3
BRH:3
end_of_record
TN:
SF:source/library/log/formatted-log.js
FN:15,FormattedLog
FN:19,get defaultOption
FN:37,getPrettifier
FN:42,format
FN:90,formatDateTime
FN:94,formatComputerName
FN:108,formatLevelName
FN:112,formatDuration
FN:116,formatInspect
FNF:9
FNH:8
FNDA:2,FormattedLog
FNDA:2,get defaultOption
FNDA:2,getPrettifier
FNDA:3,format
FNDA:3,formatDateTime
FNDA:3,formatComputerName
FNDA:3,formatLevelName
FNDA:0,formatDuration
FNDA:2,formatInspect
DA:1,1
DA:2,1
DA:3,1
DA:4,1
DA:5,1
DA:6,1
DA:7,1
DA:8,1
DA:9,1
DA:10,1
DA:11,1
DA:12,1
DA:13,1
DA:14,1
DA:15,1
DA:16,2
DA:17,2
DA:18,1
DA:19,1
DA:20,2
DA:21,2
DA:22,2
DA:23,2
DA:24,2
DA:25,2
DA:26,2
DA:27,2
DA:28,2
DA:29,2
DA:30,2
DA:31,2
DA:32,2
DA:33,2
DA:34,2
DA:35,2
DA:36,1
DA:37,1
DA:38,2
DA:39,2
DA:40,2
DA:41,1
DA:42,1
DA:43,3
DA:44,3
DA:45,3
DA:46,3
DA:47,0
DA:48,0
DA:49,0
DA:50,0
DA:51,0
DA:52,0
DA:53,0
DA:54,0
DA:55,0
DA:56,0
DA:57,0
DA:58,0
DA:59,0
DA:60,3
DA:61,3
DA:62,3
DA:63,3
DA:64,3
DA:65,3
DA:66,3
DA:67,3
DA:68,3
DA:69,3
DA:70,3
DA:71,3
DA:72,1
DA:73,2
DA:74,2
DA:75,2
DA:76,2
DA:77,2
DA:78,0
DA:79,0
DA:80,0
DA:81,0
DA:82,0
DA:83,2
DA:84,2
DA:85,3
DA:86,3
DA:87,3
DA:88,3
DA:89,1
DA:90,1
DA:91,3
DA:92,3
DA:93,1
DA:94,1
DA:95,3
DA:96,3
DA:97,3
DA:98,3
DA:99,3
DA:100,3
DA:101,3
DA:102,3
DA:103,0
DA:104,0
DA:105,0
DA:106,0
DA:107,1
DA:108,1
DA:109,3
DA:110,3
DA:111,1
DA:112,1
DA:113,0
DA:114,0
DA:115,1
DA:116,1
DA:117,2
DA:118,2
DA:119,1
DA:120,1
DA:121,1
DA:122,1
LF:122
LH:98
BRDA:122,0,0,11
BRDA:15,1,0,2
BRDA:19,2,0,2
BRDA:37,3,0,2
BRDA:39,4,0,3
BRDA:42,5,0,3
BRDA:47,6,0,0
BRDA:46,7,0,0
BRDA:68,8,0,0
BRDA:68,9,0,1
BRDA:68,10,0,0
BRDA:69,11,0,0
BRDA:71,12,0,2
BRDA:71,13,0,1
BRDA:77,14,0,0
BRDA:90,15,0,3
BRDA:94,16,0,3
BRDA:102,17,0,0
BRDA:108,18,0,3
BRDA:116,19,0,2
BRF:20
BRH:13
end_of_record
TN:
SF:source/library/log/short-formatted-log.js
FN:7,ShortFormattedLog
FN:11,get defaultOption
FNF:2
FNH:2
FNDA:1,ShortFormattedLog
FNDA:1,get defaultOption
DA:1,1
DA:2,1
DA:3,1
DA:4,1
DA:5,1
DA:6,1
DA:7,1
DA:8,1
DA:9,1
DA:10,1
DA:11,1
DA:12,1
DA:13,1
DA:14,1
DA:15,1
DA:16,1
DA:17,1
DA:18,1
DA:19,1
DA:20,1
DA:21,1
DA:22,1
DA:23,1
DA:24,1
DA:25,1
DA:26,1
DA:27,1
DA:28,1
DA:29,1
LF:29
LH:29
BRDA:29,0,0,11
BRDA:7,1,0,1
BRDA:11,2,0,1
BRF:3
BRH:3
end_of_record
