TN:
SF:source/index.js
FNF:0
FNH:0
DA:1,1
DA:2,1
DA:3,1
DA:4,1
DA:5,1
DA:6,1
DA:7,1
LF:7
LH:7
BRDA:7,0,0,1
BRF:1
BRH:1
end_of_record
TN:
SF:source/library/log-destination.js
FN:7,LogDestination
FN:11,_createPinoDestination
FN:15,get pinoDestination
FN:19,rotate
FNF:4
FNH:3
FNDA:2,LogDestination
FNDA:2,_createPinoDestination
FNDA:1,get pinoDestination
FNDA:0,rotate
DA:1,1
DA:2,1
DA:3,1
DA:4,1
DA:5,1
DA:6,1
DA:7,1
DA:8,2
DA:9,2
DA:10,1
DA:11,1
DA:12,2
DA:13,2
DA:14,1
DA:15,1
DA:16,1
DA:17,1
DA:18,1
DA:19,1
DA:20,0
DA:21,0
DA:22,1
DA:23,1
DA:24,1
DA:25,1
LF:25
LH:23
BRDA:25,0,0,1
BRDA:7,1,0,2
BRDA:11,2,0,2
BRDA:15,3,0,1
BRF:4
BRH:4
end_of_record
TN:
SF:source/library/log-handler.js
FN:13,LogHandler
FN:17,construct
FN:36,get
FN:61,apply
FN:111,_applyIn
FN:116,_applyException
FN:120,_getFormattedIn
FN:136,_applyOut
FN:141,_getFormattedOut
FN:156,_getDuration
FN:160,_formatParameter
FN:196,_formatReturnValue
FN:200,_formatPrimitive
FN:204,_formatDateTime
FNF:14
FNH:0
FNDA:0,LogHandler
FNDA:0,construct
FNDA:0,get
FNDA:0,apply
FNDA:0,_applyIn
FNDA:0,_applyException
FNDA:0,_getFormattedIn
FNDA:0,_applyOut
FNDA:0,_getFormattedOut
FNDA:0,_getDuration
FNDA:0,_formatParameter
FNDA:0,_formatReturnValue
FNDA:0,_formatPrimitive
FNDA:0,_formatDateTime
DA:1,1
DA:2,1
DA:3,1
DA:4,1
DA:5,1
DA:6,1
DA:7,1
DA:8,1
DA:9,1
DA:10,1
DA:11,1
DA:12,1
DA:13,1
DA:14,0
DA:15,0
DA:16,1
DA:17,1
DA:18,0
DA:19,0
DA:20,0
DA:21,0
DA:22,0
DA:23,0
DA:24,0
DA:25,0
DA:26,0
DA:27,0
DA:28,0
DA:29,0
DA:30,0
DA:31,0
DA:32,0
DA:33,0
DA:34,0
DA:35,1
DA:36,1
DA:37,0
DA:38,0
DA:39,0
DA:40,0
DA:41,0
DA:42,0
DA:43,0
DA:44,0
DA:45,0
DA:46,0
DA:47,0
DA:48,0
DA:49,0
DA:50,0
DA:51,0
DA:52,0
DA:53,0
DA:54,0
DA:55,0
DA:56,0
DA:57,0
DA:58,0
DA:59,0
DA:60,1
DA:61,1
DA:62,0
DA:63,0
DA:64,0
DA:65,0
DA:66,0
DA:67,0
DA:68,0
DA:69,0
DA:70,0
DA:71,0
DA:72,0
DA:73,0
DA:74,0
DA:75,0
DA:76,0
DA:77,0
DA:78,0
DA:79,0
DA:80,0
DA:81,0
DA:82,0
DA:83,0
DA:84,0
DA:85,0
DA:86,0
DA:87,0
DA:88,0
DA:89,0
DA:90,0
DA:91,0
DA:92,0
DA:93,0
DA:94,0
DA:95,0
DA:96,0
DA:97,0
DA:98,0
DA:99,0
DA:100,0
DA:101,0
DA:102,0
DA:103,0
DA:104,0
DA:105,0
DA:106,0
DA:107,0
DA:108,0
DA:109,0
DA:110,1
DA:111,1
DA:112,0
DA:113,0
DA:114,0
DA:115,1
DA:116,1
DA:117,0
DA:118,0
DA:119,1
DA:120,1
DA:121,0
DA:122,0
DA:123,0
DA:124,0
DA:125,0
DA:126,0
DA:127,0
DA:128,0
DA:129,0
DA:130,0
DA:131,0
DA:132,0
DA:133,0
DA:134,0
DA:135,1
DA:136,1
DA:137,0
DA:138,0
DA:139,0
DA:140,1
DA:141,1
DA:142,0
DA:143,0
DA:144,0
DA:145,0
DA:146,0
DA:147,0
DA:148,0
DA:149,0
DA:150,0
DA:151,0
DA:152,0
DA:153,0
DA:154,0
DA:155,1
DA:156,1
DA:157,0
DA:158,0
DA:159,1
DA:160,1
DA:161,0
DA:162,0
DA:163,0
DA:164,0
DA:165,0
DA:166,0
DA:167,0
DA:168,0
DA:169,0
DA:170,0
DA:171,0
DA:172,0
DA:173,0
DA:174,0
DA:175,0
DA:176,0
DA:177,0
DA:178,0
DA:179,0
DA:180,0
DA:181,0
DA:182,0
DA:183,0
DA:184,0
DA:185,0
DA:186,0
DA:187,0
DA:188,0
DA:189,0
DA:190,0
DA:191,0
DA:192,0
DA:193,0
DA:194,0
DA:195,1
DA:196,1
DA:197,0
DA:198,0
DA:199,1
DA:200,1
DA:201,0
DA:202,0
DA:203,1
DA:204,1
DA:205,0
DA:206,0
DA:207,1
DA:208,1
DA:209,1
DA:210,1
LF:210
LH:43
BRDA:210,0,0,1
BRF:1
BRH:1
end_of_record
TN:
SF:source/library/log-parameter.js
FN:8,getConstructorParameter
FNF:1
FNH:1
FNDA:1,getConstructorParameter
DA:1,1
DA:2,1
DA:3,1
DA:4,1
DA:5,1
DA:6,1
DA:7,1
DA:8,1
DA:9,1
DA:10,1
DA:11,1
DA:12,1
DA:13,1
DA:14,1
DA:15,1
DA:16,0
DA:17,0
DA:18,0
DA:19,1
DA:20,0
DA:21,0
DA:22,0
DA:23,0
DA:24,0
DA:25,0
DA:26,0
DA:27,0
DA:28,0
DA:29,0
DA:30,0
DA:31,0
DA:32,0
DA:33,0
DA:34,0
DA:35,0
DA:36,0
DA:37,1
DA:38,1
DA:39,1
DA:40,1
DA:41,1
DA:42,0
DA:43,0
DA:44,0
DA:45,1
DA:46,1
DA:47,1
DA:48,1
DA:49,1
DA:50,0
DA:51,1
DA:52,1
DA:53,1
DA:54,1
DA:55,1
DA:56,1
DA:57,1
DA:58,1
DA:59,1
DA:60,1
DA:61,1
DA:62,1
LF:62
LH:38
BRDA:62,0,0,1
BRDA:8,1,0,1
BRDA:15,2,0,0
BRDA:19,3,0,0
BRDA:40,4,0,0
BRDA:41,5,0,0
BRDA:49,6,0,0
BRF:7
BRH:2
end_of_record
TN:
SF:source/library/log.js
FN:16,Log
FN:33,_createPinoLog
FN:37,createDestination
FN:42,get destination
FN:46,get defaultOption
FN:54,get option
FN:58,getLevelName
FN:62,trace
FN:66,debug
FN:70,info
FN:74,warn
FN:78,error
FN:82,fatal
FN:86,attach
FN:164,detach
FN:207,rotate
FN:211,createProxy
FN:215,onImmediate
FNF:18
FNH:9
FNDA:1,Log
FNDA:1,_createPinoLog
FNDA:2,createDestination
FNDA:1,get destination
FNDA:1,get defaultOption
FNDA:1,get option
FNDA:2,getLevelName
FNDA:1,trace
FNDA:0,debug
FNDA:0,info
FNDA:0,warn
FNDA:1,error
FNDA:0,fatal
FNDA:0,attach
FNDA:0,detach
FNDA:0,rotate
FNDA:0,createProxy
FNDA:0,onImmediate
DA:1,1
DA:2,1
DA:3,1
DA:4,1
DA:5,1
DA:6,1
DA:7,1
DA:8,1
DA:9,1
DA:10,1
DA:11,1
DA:12,1
DA:13,1
DA:14,1
DA:15,1
DA:16,1
DA:17,1
DA:18,1
DA:19,1
DA:20,1
DA:21,1
DA:22,1
DA:23,1
DA:24,1
DA:25,1
DA:26,1
DA:27,1
DA:28,1
DA:29,1
DA:30,1
DA:31,1
DA:32,1
DA:33,1
DA:34,1
DA:35,1
DA:36,1
DA:37,1
DA:38,2
DA:39,2
DA:40,1
DA:41,1
DA:42,1
DA:43,1
DA:44,1
DA:45,1
DA:46,1
DA:47,1
DA:48,1
DA:49,1
DA:50,1
DA:51,1
DA:52,1
DA:53,1
DA:54,1
DA:55,1
DA:56,1
DA:57,1
DA:58,1
DA:59,2
DA:60,2
DA:61,1
DA:62,1
DA:63,1
DA:64,1
DA:65,1
DA:66,1
DA:67,0
DA:68,0
DA:69,1
DA:70,1
DA:71,0
DA:72,0
DA:73,1
DA:74,1
DA:75,0
DA:76,0
DA:77,1
DA:78,1
DA:79,1
DA:80,1
DA:81,1
DA:82,1
DA:83,0
DA:84,0
DA:85,1
DA:86,1
DA:87,0
DA:88,0
DA:89,0
DA:90,0
DA:91,0
DA:92,0
DA:93,0
DA:94,0
DA:95,0
DA:96,0
DA:97,0
DA:98,0
DA:99,0
DA:100,0
DA:101,0
DA:102,0
DA:103,0
DA:104,1
DA:105,1
DA:106,1
DA:107,1
DA:108,0
DA:109,0
DA:110,0
DA:111,0
DA:112,0
DA:113,0
DA:114,0
DA:115,0
DA:116,0
DA:117,0
DA:118,0
DA:119,0
DA:120,0
DA:121,1
DA:122,1
DA:123,1
DA:124,1
DA:125,0
DA:126,0
DA:127,0
DA:128,1
DA:129,1
DA:130,1
DA:131,1
DA:132,1
DA:133,1
DA:134,0
DA:135,0
DA:136,0
DA:137,0
DA:138,0
DA:139,0
DA:140,0
DA:141,0
DA:142,0
DA:143,0
DA:144,0
DA:145,0
DA:146,0
DA:147,0
DA:148,1
DA:149,1
DA:150,1
DA:151,1
DA:152,0
DA:153,0
DA:154,0
DA:155,0
DA:156,0
DA:157,0
DA:158,0
DA:159,0
DA:160,0
DA:161,0
DA:162,0
DA:163,1
DA:164,1
DA:165,0
DA:166,0
DA:167,0
DA:168,0
DA:169,0
DA:170,0
DA:171,0
DA:172,0
DA:173,0
DA:174,0
DA:175,0
DA:176,0
DA:177,0
DA:178,0
DA:179,0
DA:180,0
DA:181,0
DA:182,0
DA:183,0
DA:184,0
DA:185,0
DA:186,0
DA:187,0
DA:188,0
DA:189,0
DA:190,0
DA:191,0
DA:192,0
DA:193,0
DA:194,0
DA:195,0
DA:196,0
DA:197,0
DA:198,0
DA:199,0
DA:200,0
DA:201,0
DA:202,0
DA:203,0
DA:204,0
DA:205,0
DA:206,1
DA:207,1
DA:208,0
DA:209,0
DA:210,1
DA:211,1
DA:212,0
DA:213,0
DA:214,1
DA:215,1
DA:216,0
DA:217,0
DA:218,0
DA:219,0
DA:220,0
DA:221,0
DA:222,0
DA:223,0
DA:224,0
DA:225,0
DA:226,0
DA:227,0
DA:228,0
DA:229,0
DA:230,1
DA:231,1
DA:232,1
DA:233,1
LF:233
LH:108
BRDA:233,0,0,1
BRDA:16,1,0,1
BRDA:23,2,0,0
BRDA:33,3,0,1
BRDA:37,4,0,2
BRDA:46,5,0,1
BRDA:58,6,0,2
BRDA:62,7,0,1
BRDA:78,8,0,1
BRF:9
BRH:8
end_of_record
TN:
SF:source/library/error/log-attached-error.js
FN:5,LogAttachedError
FNF:1
FNH:0
FNDA:0,LogAttachedError
DA:1,1
DA:2,1
DA:3,1
DA:4,1
DA:5,1
DA:6,0
DA:7,0
DA:8,1
DA:9,1
DA:10,1
DA:11,1
LF:11
LH:9
BRDA:11,0,0,1
BRF:1
BRH:1
end_of_record
TN:
SF:source/library/error/log-detached-error.js
FN:5,LogDetachedError
FNF:1
FNH:0
FNDA:0,LogDetachedError
DA:1,1
DA:2,1
DA:3,1
DA:4,1
DA:5,1
DA:6,0
DA:7,0
DA:8,1
DA:9,1
DA:10,1
DA:11,1
LF:11
LH:9
BRDA:11,0,0,1
BRF:1
BRH:1
end_of_record
TN:
SF:source/library/error/log-error.js
FN:3,LogError
FNF:1
FNH:0
FNDA:0,LogError
DA:1,1
DA:2,1
DA:3,1
DA:4,0
DA:5,0
DA:6,1
DA:7,1
DA:8,1
DA:9,1
LF:9
LH:7
BRDA:9,0,0,1
BRF:1
BRH:1
end_of_record
TN:
SF:source/library/log/fast-destination.js
FN:7,FastDestination
FN:11,_createPinoDestination
FNF:2
FNH:0
FNDA:0,FastDestination
FNDA:0,_createPinoDestination
DA:1,1
DA:2,1
DA:3,1
DA:4,1
DA:5,1
DA:6,1
DA:7,1
DA:8,0
DA:9,0
DA:10,1
DA:11,1
DA:12,0
DA:13,0
DA:14,1
DA:15,1
DA:16,1
DA:17,1
LF:17
LH:13
BRDA:17,0,0,1
BRF:1
BRH:1
end_of_record
TN:
SF:source/library/log/fast-log.js
FN:6,FastLog
FN:10,createDestination
FNF:2
FNH:0
FNDA:0,FastLog
FNDA:0,createDestination
DA:1,1
DA:2,1
DA:3,1
DA:4,1
DA:5,1
DA:6,1
DA:7,0
DA:8,0
DA:9,1
DA:10,1
DA:11,0
DA:12,0
DA:13,1
DA:14,1
DA:15,1
DA:16,1
LF:16
LH:12
BRDA:16,0,0,1
BRF:1
BRH:1
end_of_record
TN:
SF:source/library/log/formatted-log.js
FN:15,FormattedLog
FN:19,get defaultOption
FN:36,getPrettifier
FN:41,format
FN:89,formatDateTime
FN:93,formatComputerName
FN:107,formatLevelName
FN:111,formatDuration
FN:115,formatInspect
FNF:9
FNH:8
FNDA:1,FormattedLog
FNDA:1,get defaultOption
FNDA:1,getPrettifier
FNDA:2,format
FNDA:2,formatDateTime
FNDA:2,formatComputerName
FNDA:2,formatLevelName
FNDA:0,formatDuration
FNDA:2,formatInspect
DA:1,1
DA:2,1
DA:3,1
DA:4,1
DA:5,1
DA:6,1
DA:7,1
DA:8,1
DA:9,1
DA:10,1
DA:11,1
DA:12,1
DA:13,1
DA:14,1
DA:15,1
DA:16,1
DA:17,1
DA:18,1
DA:19,1
DA:20,1
DA:21,1
DA:22,1
DA:23,1
DA:24,1
DA:25,1
DA:26,1
DA:27,1
DA:28,1
DA:29,1
DA:30,1
DA:31,1
DA:32,1
DA:33,1
DA:34,1
DA:35,1
DA:36,1
DA:37,1
DA:38,1
DA:39,1
DA:40,1
DA:41,1
DA:42,2
DA:43,2
DA:44,2
DA:45,2
DA:46,0
DA:47,2
DA:48,2
DA:49,2
DA:50,2
DA:51,2
DA:52,2
DA:53,2
DA:54,2
DA:55,2
DA:56,2
DA:57,2
DA:58,2
DA:59,2
DA:60,2
DA:61,2
DA:62,2
DA:63,2
DA:64,2
DA:65,2
DA:66,2
DA:67,2
DA:68,2
DA:69,2
DA:70,2
DA:71,0
DA:72,2
DA:73,2
DA:74,2
DA:75,2
DA:76,2
DA:77,0
DA:78,0
DA:79,0
DA:80,0
DA:81,0
DA:82,2
DA:83,2
DA:84,2
DA:85,2
DA:86,2
DA:87,2
DA:88,1
DA:89,1
DA:90,2
DA:91,2
DA:92,1
DA:93,1
DA:94,2
DA:95,2
DA:96,2
DA:97,2
DA:98,2
DA:99,2
DA:100,2
DA:101,2
DA:102,0
DA:103,0
DA:104,0
DA:105,0
DA:106,1
DA:107,1
DA:108,2
DA:109,2
DA:110,1
DA:111,1
DA:112,0
DA:113,0
DA:114,1
DA:115,1
DA:116,2
DA:117,2
DA:118,1
DA:119,1
DA:120,1
DA:121,1
LF:121
LH:108
BRDA:121,0,0,1
BRDA:15,1,0,1
BRDA:19,2,0,1
BRDA:36,3,0,1
BRDA:38,4,0,2
BRDA:41,5,0,2
BRDA:45,6,0,0
BRDA:55,7,0,0
BRDA:67,8,0,0
BRDA:67,9,0,1
BRDA:68,10,0,0
BRDA:70,11,0,0
BRDA:76,12,0,0
BRDA:89,13,0,2
BRDA:93,14,0,2
BRDA:101,15,0,0
BRDA:107,16,0,2
BRDA:115,17,0,2
BRF:18
BRH:11
end_of_record
TN:
SF:source/library/log/short-formatted-log.js
FN:7,ShortFormattedLog
FN:11,get defaultOption
FNF:2
FNH:0
FNDA:0,ShortFormattedLog
FNDA:0,get defaultOption
DA:1,1
DA:2,1
DA:3,1
DA:4,1
DA:5,1
DA:6,1
DA:7,1
DA:8,0
DA:9,0
DA:10,1
DA:11,1
DA:12,0
DA:13,0
DA:14,0
DA:15,0
DA:16,0
DA:17,0
DA:18,0
DA:19,0
DA:20,0
DA:21,0
DA:22,0
DA:23,0
DA:24,0
DA:25,0
DA:26,1
DA:27,1
DA:28,1
DA:29,1
LF:29
LH:13
BRDA:29,0,0,1
BRF:1
BRH:1
end_of_record
